Scenario: cur (free), 0

[18:21:26][Regions] Getting initial crop areas and animal numbers (x0) ... 0.1s
[18:21:26][Regions] Getting climate and soil attributes ... 0.0s
[18:21:26][Regions] Calculating maximum land use ... 0.0s
[18:21:27][Regions] Done! Elapsed time: 0 sec
[18:21:27][DemandAndConversions] Calculating food demand ... 0.1s
[18:21:27][DemandAndConversions] Resolving recipies for compound foods ... 0.0s
[18:21:27][DemandAndConversions] Calculating waste ... 0.0s
[18:21:27][DemandAndConversions] Calculating product demand and generated by-products... 0.3s
[18:21:27][DemandAndConversions] Done! Elapsed time: 0 sec
[18:21:27][CropProduction] Calculating harvest ... 0.1s
[18:21:27][CropProduction] Calculating production ... 0.6s
[18:21:28][CropProduction] Calculating crop residues ... 0.0s
[18:21:28][CropProduction] Calculating seed demand ... 0.2s
[18:21:28][CropProduction] Done! Elapsed time: 1 sec
[18:21:28][AnimalHerd (cattle, beef, conventional, ley based)] Calculating herd structure ... 0.3s
[18:21:28][AnimalHerd (cattle, beef, conventional, ley based)] Calculating feed energy or DM requirements ... 0.4s
[18:21:29][AnimalHerd (cattle, beef, conventional, ley based)] Calculating production ... 0.1s
[18:21:29][AnimalHerd (cattle, beef, conventional, ley based)] Done! Elapsed time: 1 sec
[18:21:29][AnimalHerd (cattle, beef, conventional, maize based)] Calculating herd structure ... 0.4s
[18:21:29][AnimalHerd (cattle, beef, conventional, maize based)] Calculating feed energy or DM requirements ... 0.4s
[18:21:29][AnimalHerd (cattle, beef, conventional, maize based)] Calculating production ... 0.1s
[18:21:30][AnimalHerd (cattle, beef, conventional, maize based)] Done! Elapsed time: 1 sec
[18:21:30][AnimalHerd (cattle, beef, organic, ley based)] Calculating herd structure ... 0.4s
[18:21:30][AnimalHerd (cattle, beef, organic, ley based)] Calculating feed energy or DM requirements ... 0.7s
[18:21:31][AnimalHerd (cattle, beef, organic, ley based)] Calculating production ... 0.2s
[18:21:31][AnimalHerd (cattle, beef, organic, ley based)] Done! Elapsed time: 1 sec
[18:21:31][AnimalHerd (cattle, dairy, conventional, ley based)] Calculating herd structure ... 0.3s
[18:21:31][AnimalHerd (cattle, dairy, conventional, ley based)] Calculating feed energy or DM requirements ... 0.4s
[18:21:32][AnimalHerd (cattle, dairy, conventional, ley based)] Calculating production ... 0.1s
[18:21:32][AnimalHerd (cattle, dairy, conventional, ley based)] Done! Elapsed time: 1 sec
[18:21:32][AnimalHerd (cattle, dairy, conventional, maize based)] Calculating herd structure ... 0.4s
[18:21:32][AnimalHerd (cattle, dairy, conventional, maize based)] Calculating feed energy or DM requirements ... 0.4s
[18:21:32][AnimalHerd (cattle, dairy, conventional, maize based)] Calculating production ... 0.1s
[18:21:32][AnimalHerd (cattle, dairy, conventional, maize based)] Done! Elapsed time: 1 sec
[18:21:32][AnimalHerd (cattle, dairy, organic, ley based)] Calculating herd structure ... 0.5s
[18:21:33][AnimalHerd (cattle, dairy, organic, ley based)] Calculating feed energy or DM requirements ... 0.8s
[18:21:34][AnimalHerd (cattle, dairy, organic, ley based)] Calculating production ... 0.2s
[18:21:34][AnimalHerd (cattle, dairy, organic, ley based)] Done! Elapsed time: 1 sec
[18:21:34][AnimalHerd (horses, cold blooded horses, conventional, none)] Calculating herd structure ... 0.0s
[18:21:34][AnimalHerd (horses, cold blooded horses, conventional, none)] Calculating feed energy or DM requirements ... 0.1s
[18:21:34][AnimalHerd (horses, cold blooded horses, conventional, none)] Calculating production ... 0.0s
[18:21:34][AnimalHerd (horses, cold blooded horses, conventional, none)] Done! Elapsed time: 0 sec
[18:21:34][AnimalHerd (horses, cold blooded horses, organic, none)] Calculating herd structure ... 0.0s
[18:21:34][AnimalHerd (horses, cold blooded horses, organic, none)] Calculating feed energy or DM requirements ... 0.1s
[18:21:34][AnimalHerd (horses, cold blooded horses, organic, none)] Calculating production ... 0.0s
[18:21:34][AnimalHerd (horses, cold blooded horses, organic, none)] Done! Elapsed time: 0 sec
[18:21:34][AnimalHerd (horses, ponies and Icelandic horses, conventional, none)] Calculating herd structure ... 0.0s
[18:21:34][AnimalHerd (horses, ponies and Icelandic horses, conventional, none)] Calculating feed energy or DM requirements ... 0.1s
[18:21:34][AnimalHerd (horses, ponies and Icelandic horses, conventional, none)] Calculating production ... 0.0s
[18:21:34][AnimalHerd (horses, ponies and Icelandic horses, conventional, none)] Done! Elapsed time: 0 sec
[18:21:34][AnimalHerd (horses, ponies and Icelandic horses, organic, none)] Calculating herd structure ... 0.0s
[18:21:34][AnimalHerd (horses, ponies and Icelandic horses, organic, none)] Calculating feed energy or DM requirements ... 0.1s
[18:21:34][AnimalHerd (horses, ponies and Icelandic horses, organic, none)] Calculating production ... 0.0s
[18:21:34][AnimalHerd (horses, ponies and Icelandic horses, organic, none)] Done! Elapsed time: 0 sec
[18:21:34][AnimalHerd (horses, riding horses, conventional, none)] Calculating herd structure ... 0.0s
[18:21:34][AnimalHerd (horses, riding horses, conventional, none)] Calculating feed energy or DM requirements ... 0.1s
[18:21:35][AnimalHerd (horses, riding horses, conventional, none)] Calculating production ... 0.0s
[18:21:35][AnimalHerd (horses, riding horses, conventional, none)] Done! Elapsed time: 0 sec
[18:21:35][AnimalHerd (horses, riding horses, organic, none)] Calculating herd structure ... 0.0s
[18:21:35][AnimalHerd (horses, riding horses, organic, none)] Calculating feed energy or DM requirements ... 0.1s
[18:21:35][AnimalHerd (horses, riding horses, organic, none)] Calculating production ... 0.0s
[18:21:35][AnimalHerd (horses, riding horses, organic, none)] Done! Elapsed time: 0 sec
[18:21:35][AnimalHerd (horses, trotters and racehorses, conventional, none)] Calculating herd structure ... 0.0s
[18:21:35][AnimalHerd (horses, trotters and racehorses, conventional, none)] Calculating feed energy or DM requirements ... 0.1s
[18:21:35][AnimalHerd (horses, trotters and racehorses, conventional, none)] Calculating production ... 0.0s
[18:21:35][AnimalHerd (horses, trotters and racehorses, conventional, none)] Done! Elapsed time: 0 sec
[18:21:35][AnimalHerd (horses, trotters and racehorses, organic, none)] Calculating herd structure ... 0.0s
[18:21:35][AnimalHerd (horses, trotters and racehorses, organic, none)] Calculating feed energy or DM requirements ... 0.1s
[18:21:35][AnimalHerd (horses, trotters and racehorses, organic, none)] Calculating production ... 0.0s
[18:21:35][AnimalHerd (horses, trotters and racehorses, organic, none)] Done! Elapsed time: 0 sec
[18:21:35][AnimalHerd (pigs, none, conventional, none)] Calculating herd structure ... 0.2s
[18:21:35][AnimalHerd (pigs, none, conventional, none)] Calculating feed energy or DM requirements ... 0.1s
[18:21:35][AnimalHerd (pigs, none, conventional, none)] Calculating production ... 0.0s
[18:21:35][AnimalHerd (pigs, none, conventional, none)] Done! Elapsed time: 0 sec
[18:21:35][AnimalHerd (pigs, none, organic, none)] Calculating herd structure ... 0.2s
[18:21:36][AnimalHerd (pigs, none, organic, none)] Calculating feed energy or DM requirements ... 0.1s
[18:21:36][AnimalHerd (pigs, none, organic, none)] Calculating production ... 0.0s
[18:21:36][AnimalHerd (pigs, none, organic, none)] Done! Elapsed time: 0 sec
[18:21:36][AnimalHerd (poultry, broiler, conventional, none)] Calculating herd structure ... 0.1s
[18:21:36][AnimalHerd (poultry, broiler, conventional, none)] Calculating feed energy or DM requirements ... 0.0s
[18:21:36][AnimalHerd (poultry, broiler, conventional, none)] Calculating production ... 0.0s
[18:21:36][AnimalHerd (poultry, broiler, conventional, none)] Done! Elapsed time: 0 sec
[18:21:36][AnimalHerd (poultry, broiler, organic, none)] Calculating herd structure ... 0.1s
[18:21:36][AnimalHerd (poultry, broiler, organic, none)] Calculating feed energy or DM requirements ... 0.0s
[18:21:36][AnimalHerd (poultry, broiler, organic, none)] Calculating production ... 0.0s
[18:21:36][AnimalHerd (poultry, broiler, organic, none)] Done! Elapsed time: 0 sec
[18:21:36][AnimalHerd (poultry, layer, conventional, none)] Calculating herd structure ... 0.1s
[18:21:36][AnimalHerd (poultry, layer, conventional, none)] Calculating feed energy or DM requirements ... 0.0s
[18:21:36][AnimalHerd (poultry, layer, conventional, none)] Calculating production ... 0.1s
[18:21:36][AnimalHerd (poultry, layer, conventional, none)] Done! Elapsed time: 0 sec
[18:21:36][AnimalHerd (poultry, layer, organic, none)] Calculating herd structure ... 0.1s
[18:21:36][AnimalHerd (poultry, layer, organic, none)] Calculating feed energy or DM requirements ... 0.0s
[18:21:36][AnimalHerd (poultry, layer, organic, none)] Calculating production ... 0.1s
[18:21:37][AnimalHerd (poultry, layer, organic, none)] Done! Elapsed time: 0 sec
[18:21:37][AnimalHerd (sheep, none, conventional, autumn lamb)] Calculating herd structure ... 0.1s
[18:21:37][AnimalHerd (sheep, none, conventional, autumn lamb)] Calculating feed energy or DM requirements ... 0.0s
[18:21:37][AnimalHerd (sheep, none, conventional, autumn lamb)] Calculating production ... 0.0s
[18:21:37][AnimalHerd (sheep, none, conventional, autumn lamb)] Done! Elapsed time: 0 sec
[18:21:37][AnimalHerd (sheep, none, conventional, spring lamb)] Calculating herd structure ... 0.1s
[18:21:37][AnimalHerd (sheep, none, conventional, spring lamb)] Calculating feed energy or DM requirements ... 0.0s
[18:21:37][AnimalHerd (sheep, none, conventional, spring lamb)] Calculating production ... 0.0s
[18:21:37][AnimalHerd (sheep, none, conventional, spring lamb)] Done! Elapsed time: 0 sec
[18:21:37][AnimalHerd (sheep, none, conventional, winter lamb)] Calculating herd structure ... 0.0s
[18:21:37][AnimalHerd (sheep, none, conventional, winter lamb)] Calculating feed energy or DM requirements ... 0.0s
[18:21:37][AnimalHerd (sheep, none, conventional, winter lamb)] Calculating production ... 0.0s
[18:21:37][AnimalHerd (sheep, none, conventional, winter lamb)] Done! Elapsed time: 0 sec
[18:21:37][AnimalHerd (sheep, none, conventional, other sheep)] Calculating herd structure ... 0.1s
[18:21:37][AnimalHerd (sheep, none, conventional, other sheep)] Calculating feed energy or DM requirements ... 0.0s
[18:21:37][AnimalHerd (sheep, none, conventional, other sheep)] Calculating production ... 0.0s
[18:21:37][AnimalHerd (sheep, none, conventional, other sheep)] Done! Elapsed time: 0 sec
[18:21:37][AnimalHerd (sheep, none, organic, autumn lamb)] Calculating herd structure ... 0.1s
[18:21:37][AnimalHerd (sheep, none, organic, autumn lamb)] Calculating feed energy or DM requirements ... 0.0s
[18:21:37][AnimalHerd (sheep, none, organic, autumn lamb)] Calculating production ... 0.0s
[18:21:37][AnimalHerd (sheep, none, organic, autumn lamb)] Done! Elapsed time: 0 sec
[18:21:37][AnimalHerd (sheep, none, organic, spring lamb)] Calculating herd structure ... 0.0s
[18:21:37][AnimalHerd (sheep, none, organic, spring lamb)] Calculating feed energy or DM requirements ... 0.0s
[18:21:37][AnimalHerd (sheep, none, organic, spring lamb)] Calculating production ... 0.0s
[18:21:37][AnimalHerd (sheep, none, organic, spring lamb)] Done! Elapsed time: 0 sec
[18:21:37][AnimalHerd (sheep, none, organic, winter lamb)] Calculating herd structure ... 0.1s
[18:21:37][AnimalHerd (sheep, none, organic, winter lamb)] Calculating feed energy or DM requirements ... 0.0s
[18:21:37][AnimalHerd (sheep, none, organic, winter lamb)] Calculating production ... 0.0s
[18:21:37][AnimalHerd (sheep, none, organic, winter lamb)] Done! Elapsed time: 0 sec
[18:21:37][AnimalHerd (sheep, none, organic, other sheep)] Calculating herd structure ... 0.1s
[18:21:37][AnimalHerd (sheep, none, organic, other sheep)] Calculating feed energy or DM requirements ... 0.0s
[18:21:37][AnimalHerd (sheep, none, organic, other sheep)] Calculating production ... 0.0s
[18:21:37][AnimalHerd (sheep, none, organic, other sheep)] Done! Elapsed time: 0 sec
[18:21:37][FeedMgmt] Calculating feed consumption ... 2.3s
[18:21:40][FeedMgmt] Calculating feed losses ... 2.2s
[18:21:42][FeedMgmt] Calculating demand for crop products ... 3.5s
[18:21:45][FeedMgmt] Calculating demand for by-products ... 1.5s
[18:21:47][FeedMgmt] Calculating demand for crop residues ... 0.4s
[18:21:47][FeedMgmt] Done! Elapsed time: 10 sec
[18:21:48][GeoDistributor.make] Getting x0 and making indexes ... 0.0s
[18:21:48][GeoDistributor.make] Creating demand vector ... 0.2s
[18:21:48][GeoDistributor.make] Calculating scaling factors ... 0.0s
[18:21:48][GeoDistributor.make] Making objective O1 ... 0.2s
[18:21:48][GeoDistributor.make] Making constraint C1 ... 7.9s
[18:21:56][GeoDistributor.make] Making constraint C2 ... 0.7s
[18:21:57][GeoDistributor.make] Making constraint C3 ... 0.4s
[18:21:57][GeoDistributor.make] Making constraint C4 ... 0.3s
[18:21:57][GeoDistributor.make] Making constraint C5 ... 0.1s
[18:21:57][GeoDistributor.make] Making constraint C6 ... 0.5s
[18:21:58][GeoDistributor.make] Making constraint C8 ... 0.0s
[18:21:58][GeoDistributor.make] Making constraint C7 ... 0.6s
[18:21:58][GeoDistributor.make] Done! Elapsed time: 11 sec
[18:21:59][GeoDistributor.solve] Finding solution with 'GUROBI' ... Set parameter Username
Academic license - for non-commercial use only - expires 2025-08-28
Optimal solution found! Status: 'optimal', Itterations: 1232.0, Solver: 'GUROBI' 0.9s
[18:21:59][GeoDistributor.solve] Retrieving solution ... 0.0s
[18:21:59][GeoDistributor.solve] Done! Elapsed time: 1 sec
[18:22:00][GeoDistributor.solve] Finding solution with 'GUROBI' ... Optimal solution found! Status: 'optimal', Itterations: 51.0, Solver: 'GUROBI' 1.2s
[18:22:02][GeoDistributor.solve] Retrieving solution ... 0.0s
[18:22:02][GeoDistributor.solve] Applying solution ... 1.4s
[18:22:03][GeoDistributor.solve] Done! Elapsed time: 3 sec
[18:22:03][FeedMgmt] Adjusting feed rations (not implemented) ... 0.0s
[18:22:03][FeedMgmt] Calculating feed ration characteristics ... 4.4s
[18:22:07][FeedMgmt] Calculating enteric methane emissions ... 0.9s
[18:22:08][FeedMgmt] Done! Elapsed time: 5 sec
[18:22:08][ManureMgmt] Calculating MMS shares ... 2.6s
[18:22:11][ManureMgmt] Calculating bedding material use ... 2.5s
[18:22:13][ManureMgmt] Calculating VS excretion ... 0.4s
[18:22:14][ManureMgmt] Calculating VS losses ... 3.6s
[18:22:17][ManureMgmt] Calculating manure excretion ... 2.1s
[18:22:20][ManureMgmt] Calculating manure losses ... 12.2s
[18:22:32][ManureMgmt] Done! Elapsed time: 23 sec
[18:22:32][CropResidueMgmt] Calculating harvestable crop residues ... 0.0s
[18:22:32][CropResidueMgmt] Allocating harvestable crop residues to uses ... C:\Users/jnka0003/Git repos/CIBUSmod\CIBUSmod\mgmt_modules\crop_residue_mgmt.py:150: UserWarning: 
CropResidueMgmt: Crop residue demand exceeds availability for:
['straw']
  warnings.warn(f"\nCropResidueMgmt: Crop residue demand exceeds availability for:\n{crs}")
0.1s
[18:22:32][CropResidueMgmt] Done! Elapsed time: 0 sec
[18:22:32][WasteAndCircularity] Collecting feedstocks and calculating composition ... 0.9s
[18:22:33][WasteAndCircularity] Creating data attribute tables ... 0.4s
[18:22:33][WasteAndCircularity] Calculating anaerobic digestion ... 2.9s
[18:22:36][WasteAndCircularity] Calculating composting ... NOT IMPLEMENTED! 0.0s
[18:22:36][WasteAndCircularity] Calculating incineration ... NOT IMPLEMENTED! 0.0s
[18:22:36][WasteAndCircularity] Calculating landfill ... NOT IMPLEMENTED! 0.0s
[18:22:36][WasteAndCircularity] Done! Elapsed time: 4 sec
[18:22:36][PlantNutrientMgmt] Calculating crop NPK requirements ... 0.8s
[18:22:37][PlantNutrientMgmt] Distributing manure ... 6.4s
[18:22:43][PlantNutrientMgmt] Distributing non-manure organic fertilisers ... 0.2s
[18:22:43][PlantNutrientMgmt] Calculating mineral NPK application ... 0.4s
[18:22:44][PlantNutrientMgmt] Calculating N in crop residues ... 0.1s
[18:22:44][PlantNutrientMgmt] Calculating N application losses ... 0.2s
[18:22:44][PlantNutrientMgmt] Calculating N soil losses ... 0.3s
[18:22:44][PlantNutrientMgmt] Calculating N leaching ... 0.1s
[18:22:44][PlantNutrientMgmt] Done! Elapsed time: 8 sec
[18:22:44][MachineryAndEnergyMgmt] Calculating energy use in field machinery ... 1.4s
[18:22:46][MachineryAndEnergyMgmt] Calculating energy use for grain drying ... 0.4s
[18:22:46][MachineryAndEnergyMgmt] Calculating energy use in greenhouses ... 0.6s
[18:22:47][MachineryAndEnergyMgmt] Calculating energy use in stables ... 6.8s
[18:22:54][MachineryAndEnergyMgmt] Calculating fuel use emissions ... 0.7s
[18:22:54][MachineryAndEnergyMgmt] Done! Elapsed time: 10 sec
[18:22:54][InputsMgmt] Calculating supply chain emissions for food processing inputs (NOT IMPLEMENTED) ... 0.0s
[18:22:54][InputsMgmt] Calculating supply chain emissions for crop production inputs  ... 0.0s
[18:22:54][InputsMgmt] Calculating supply chain emissions for waste management and circularity inputs ... 0.1s
[18:22:54][InputsMgmt] Calculating supply chain emissions for animal herd inputs ... 0.2s
[18:22:55][InputsMgmt] Done! Elapsed time: 0 sec
Writing outputs to 'C:\Users\jnka0003\OneDrive - Sveriges lantbruksuniversitet\Dokument\#1 Projekt\MISTRA Food Futures WP5\CIBUSmod Food Systems Model\FORMAS\output\FORMAS.sqlite'
C:\Users/jnka0003/Git repos/CIBUSmod\CIBUSmod\utils\session_db.py:1541: UserWarning: NaNs in CropProduction.energy_use_supply_chain_emissions.
  warnings.warn(f'NaNs in {module.par.name}.{attr}.')
C:\Users/jnka0003/Git repos/CIBUSmod\CIBUSmod\utils\session_db.py:1541: UserWarning: NaNs in WasteAndCircularity.losses_VS.
  warnings.warn(f'NaNs in {module.par.name}.{attr}.')
C:\Users/jnka0003/Git repos/CIBUSmod\CIBUSmod\utils\session_db.py:1541: UserWarning: NaNs in WasteAndCircularity.losses_N.
  warnings.warn(f'NaNs in {module.par.name}.{attr}.')
C:\Users/jnka0003/Git repos/CIBUSmod\CIBUSmod\utils\session_db.py:1541: UserWarning: NaNs in WasteAndCircularity.losses_P.
  warnings.warn(f'NaNs in {module.par.name}.{attr}.')
C:\Users/jnka0003/Git repos/CIBUSmod\CIBUSmod\utils\session_db.py:1541: UserWarning: NaNs in WasteAndCircularity.losses_K.
  warnings.warn(f'NaNs in {module.par.name}.{attr}.')
C:\Users/jnka0003/Git repos/CIBUSmod\CIBUSmod\utils\session_db.py:1541: UserWarning: NaNs in WasteAndCircularity.organic_fertiliser_C.
  warnings.warn(f'NaNs in {module.par.name}.{attr}.')
C:\Users/jnka0003/Git repos/CIBUSmod\CIBUSmod\utils\session_db.py:1541: UserWarning: NaNs in WasteAndCircularity.organic_fertiliser_N.
  warnings.warn(f'NaNs in {module.par.name}.{attr}.')
C:\Users/jnka0003/Git repos/CIBUSmod\CIBUSmod\utils\session_db.py:1541: UserWarning: NaNs in WasteAndCircularity.organic_fertiliser_P.
  warnings.warn(f'NaNs in {module.par.name}.{attr}.')
C:\Users/jnka0003/Git repos/CIBUSmod\CIBUSmod\utils\session_db.py:1541: UserWarning: NaNs in WasteAndCircularity.organic_fertiliser_K.
  warnings.warn(f'NaNs in {module.par.name}.{attr}.')
C:\Users/jnka0003/Git repos/CIBUSmod\CIBUSmod\utils\session_db.py:1541: UserWarning: NaNs in WasteAndCircularity.organic_fertiliser_TAN.
  warnings.warn(f'NaNs in {module.par.name}.{attr}.')
C:\Users/jnka0003/Git repos/CIBUSmod\CIBUSmod\utils\session_db.py:1541: UserWarning: NaNs in WasteAndCircularity.energy_prod.
  warnings.warn(f'NaNs in {module.par.name}.{attr}.')
C:\Users/jnka0003/Git repos/CIBUSmod\CIBUSmod\utils\session_db.py:1541: UserWarning: NaNs in WasteAndCircularity.energy_use.
  warnings.warn(f'NaNs in {module.par.name}.{attr}.')
C:\Users/jnka0003/Git repos/CIBUSmod\CIBUSmod\utils\session_db.py:1541: UserWarning: NaNs in WasteAndCircularity.energy_use_emissions.
  warnings.warn(f'NaNs in {module.par.name}.{attr}.')
C:\Users/jnka0003/Git repos/CIBUSmod\CIBUSmod\utils\session_db.py:1541: UserWarning: NaNs in WasteAndCircularity.energy_use_supply_chain_emissions.
  warnings.warn(f'NaNs in {module.par.name}.{attr}.')
Outputs stored!
cur (free), 0 finished successfully in 4min 13s
