Scenario: dairy feed, 0

[18:36:00][Regions] Getting initial crop areas and animal numbers (x0) ... 0.1s
[18:36:00][Regions] Getting climate and soil attributes ... 0.0s
[18:36:00][Regions] Calculating maximum land use ... 0.0s
[18:36:00][Regions] Done! Elapsed time: 0 sec
[18:36:00][DemandAndConversions] Calculating food demand ... 0.1s
[18:36:00][DemandAndConversions] Resolving recipies for compound foods ... 0.0s
[18:36:00][DemandAndConversions] Calculating waste ... 0.0s
[18:36:00][DemandAndConversions] Calculating product demand and generated by-products... 0.2s
[18:36:00][DemandAndConversions] Done! Elapsed time: 0 sec
[18:36:00][CropProduction] Calculating harvest ... 0.0s
[18:36:00][CropProduction] Calculating production ... 0.5s
[18:36:01][CropProduction] Calculating crop residues ... 0.0s
[18:36:01][CropProduction] Calculating seed demand ... 0.2s
[18:36:01][CropProduction] Done! Elapsed time: 1 sec
[18:36:01][AnimalHerd (cattle, beef, conventional, ley based)] Calculating herd structure ... 0.5s
[18:36:02][AnimalHerd (cattle, beef, conventional, ley based)] Calculating feed energy or DM requirements ... 0.5s
[18:36:02][AnimalHerd (cattle, beef, conventional, ley based)] Calculating production ... 0.1s
[18:36:02][AnimalHerd (cattle, beef, conventional, ley based)] Done! Elapsed time: 1 sec
[18:36:02][AnimalHerd (cattle, beef, conventional, maize based)] Calculating herd structure ... 0.4s
[18:36:03][AnimalHerd (cattle, beef, conventional, maize based)] Calculating feed energy or DM requirements ... 0.5s
[18:36:03][AnimalHerd (cattle, beef, conventional, maize based)] Calculating production ... 0.1s
[18:36:03][AnimalHerd (cattle, beef, conventional, maize based)] Done! Elapsed time: 1 sec
[18:36:03][AnimalHerd (cattle, beef, organic, ley based)] Calculating herd structure ... 0.4s
[18:36:04][AnimalHerd (cattle, beef, organic, ley based)] Calculating feed energy or DM requirements ... 0.9s
[18:36:04][AnimalHerd (cattle, beef, organic, ley based)] Calculating production ... 0.2s
[18:36:05][AnimalHerd (cattle, beef, organic, ley based)] Done! Elapsed time: 2 sec
[18:36:05][AnimalHerd (cattle, dairy, conventional, ley based)] Calculating herd structure ... 0.4s
[18:36:05][AnimalHerd (cattle, dairy, conventional, ley based)] Calculating feed energy or DM requirements ... 0.4s
[18:36:05][AnimalHerd (cattle, dairy, conventional, ley based)] Calculating production ... 0.1s
[18:36:06][AnimalHerd (cattle, dairy, conventional, ley based)] Done! Elapsed time: 1 sec
[18:36:06][AnimalHerd (cattle, dairy, conventional, maize based)] Calculating herd structure ... 0.4s
[18:36:06][AnimalHerd (cattle, dairy, conventional, maize based)] Calculating feed energy or DM requirements ... 0.6s
[18:36:06][AnimalHerd (cattle, dairy, conventional, maize based)] Calculating production ... 0.1s
[18:36:07][AnimalHerd (cattle, dairy, conventional, maize based)] Done! Elapsed time: 1 sec
[18:36:07][AnimalHerd (cattle, dairy, organic, ley based)] Calculating herd structure ... 0.4s
[18:36:07][AnimalHerd (cattle, dairy, organic, ley based)] Calculating feed energy or DM requirements ... 0.7s
[18:36:08][AnimalHerd (cattle, dairy, organic, ley based)] Calculating production ... 0.2s
[18:36:08][AnimalHerd (cattle, dairy, organic, ley based)] Done! Elapsed time: 1 sec
[18:36:08][AnimalHerd (horses, cold blooded horses, conventional, none)] Calculating herd structure ... 0.0s
[18:36:08][AnimalHerd (horses, cold blooded horses, conventional, none)] Calculating feed energy or DM requirements ... 0.1s
[18:36:08][AnimalHerd (horses, cold blooded horses, conventional, none)] Calculating production ... 0.0s
[18:36:08][AnimalHerd (horses, cold blooded horses, conventional, none)] Done! Elapsed time: 0 sec
[18:36:08][AnimalHerd (horses, cold blooded horses, organic, none)] Calculating herd structure ... 0.0s
[18:36:08][AnimalHerd (horses, cold blooded horses, organic, none)] Calculating feed energy or DM requirements ... 0.1s
[18:36:08][AnimalHerd (horses, cold blooded horses, organic, none)] Calculating production ... 0.0s
[18:36:08][AnimalHerd (horses, cold blooded horses, organic, none)] Done! Elapsed time: 0 sec
[18:36:08][AnimalHerd (horses, ponies and Icelandic horses, conventional, none)] Calculating herd structure ... 0.0s
[18:36:08][AnimalHerd (horses, ponies and Icelandic horses, conventional, none)] Calculating feed energy or DM requirements ... 0.1s
[18:36:08][AnimalHerd (horses, ponies and Icelandic horses, conventional, none)] Calculating production ... 0.0s
[18:36:08][AnimalHerd (horses, ponies and Icelandic horses, conventional, none)] Done! Elapsed time: 0 sec
[18:36:08][AnimalHerd (horses, ponies and Icelandic horses, organic, none)] Calculating herd structure ... 0.0s
[18:36:08][AnimalHerd (horses, ponies and Icelandic horses, organic, none)] Calculating feed energy or DM requirements ... 0.1s
[18:36:08][AnimalHerd (horses, ponies and Icelandic horses, organic, none)] Calculating production ... 0.0s
[18:36:08][AnimalHerd (horses, ponies and Icelandic horses, organic, none)] Done! Elapsed time: 0 sec
[18:36:08][AnimalHerd (horses, riding horses, conventional, none)] Calculating herd structure ... 0.0s
[18:36:08][AnimalHerd (horses, riding horses, conventional, none)] Calculating feed energy or DM requirements ... 0.1s
[18:36:09][AnimalHerd (horses, riding horses, conventional, none)] Calculating production ... 0.0s
[18:36:09][AnimalHerd (horses, riding horses, conventional, none)] Done! Elapsed time: 0 sec
[18:36:09][AnimalHerd (horses, riding horses, organic, none)] Calculating herd structure ... 0.0s
[18:36:09][AnimalHerd (horses, riding horses, organic, none)] Calculating feed energy or DM requirements ... 0.1s
[18:36:09][AnimalHerd (horses, riding horses, organic, none)] Calculating production ... 0.0s
[18:36:09][AnimalHerd (horses, riding horses, organic, none)] Done! Elapsed time: 0 sec
[18:36:09][AnimalHerd (horses, trotters and racehorses, conventional, none)] Calculating herd structure ... 0.0s
[18:36:09][AnimalHerd (horses, trotters and racehorses, conventional, none)] Calculating feed energy or DM requirements ... 0.1s
[18:36:09][AnimalHerd (horses, trotters and racehorses, conventional, none)] Calculating production ... 0.0s
[18:36:09][AnimalHerd (horses, trotters and racehorses, conventional, none)] Done! Elapsed time: 0 sec
[18:36:09][AnimalHerd (horses, trotters and racehorses, organic, none)] Calculating herd structure ... 0.0s
[18:36:09][AnimalHerd (horses, trotters and racehorses, organic, none)] Calculating feed energy or DM requirements ... 0.1s
[18:36:09][AnimalHerd (horses, trotters and racehorses, organic, none)] Calculating production ... 0.0s
[18:36:09][AnimalHerd (horses, trotters and racehorses, organic, none)] Done! Elapsed time: 0 sec
[18:36:09][AnimalHerd (pigs, none, conventional, none)] Calculating herd structure ... 0.2s
[18:36:09][AnimalHerd (pigs, none, conventional, none)] Calculating feed energy or DM requirements ... 0.1s
[18:36:09][AnimalHerd (pigs, none, conventional, none)] Calculating production ... 0.0s
[18:36:09][AnimalHerd (pigs, none, conventional, none)] Done! Elapsed time: 0 sec
[18:36:09][AnimalHerd (pigs, none, organic, none)] Calculating herd structure ... 0.2s
[18:36:09][AnimalHerd (pigs, none, organic, none)] Calculating feed energy or DM requirements ... 0.1s
[18:36:09][AnimalHerd (pigs, none, organic, none)] Calculating production ... 0.0s
[18:36:09][AnimalHerd (pigs, none, organic, none)] Done! Elapsed time: 0 sec
[18:36:09][AnimalHerd (poultry, broiler, conventional, none)] Calculating herd structure ... 0.0s
[18:36:10][AnimalHerd (poultry, broiler, conventional, none)] Calculating feed energy or DM requirements ... 0.0s
[18:36:10][AnimalHerd (poultry, broiler, conventional, none)] Calculating production ... 0.0s
[18:36:10][AnimalHerd (poultry, broiler, conventional, none)] Done! Elapsed time: 0 sec
[18:36:10][AnimalHerd (poultry, broiler, organic, none)] Calculating herd structure ... 0.1s
[18:36:10][AnimalHerd (poultry, broiler, organic, none)] Calculating feed energy or DM requirements ... 0.0s
[18:36:10][AnimalHerd (poultry, broiler, organic, none)] Calculating production ... 0.0s
[18:36:10][AnimalHerd (poultry, broiler, organic, none)] Done! Elapsed time: 0 sec
[18:36:10][AnimalHerd (poultry, layer, conventional, none)] Calculating herd structure ... 0.1s
[18:36:10][AnimalHerd (poultry, layer, conventional, none)] Calculating feed energy or DM requirements ... 0.0s
[18:36:10][AnimalHerd (poultry, layer, conventional, none)] Calculating production ... 0.0s
[18:36:10][AnimalHerd (poultry, layer, conventional, none)] Done! Elapsed time: 0 sec
[18:36:10][AnimalHerd (poultry, layer, organic, none)] Calculating herd structure ... 0.1s
[18:36:10][AnimalHerd (poultry, layer, organic, none)] Calculating feed energy or DM requirements ... 0.0s
[18:36:10][AnimalHerd (poultry, layer, organic, none)] Calculating production ... 0.1s
[18:36:10][AnimalHerd (poultry, layer, organic, none)] Done! Elapsed time: 0 sec
[18:36:10][AnimalHerd (sheep, none, conventional, autumn lamb)] Calculating herd structure ... 0.0s
[18:36:10][AnimalHerd (sheep, none, conventional, autumn lamb)] Calculating feed energy or DM requirements ... 0.0s
[18:36:10][AnimalHerd (sheep, none, conventional, autumn lamb)] Calculating production ... 0.0s
[18:36:10][AnimalHerd (sheep, none, conventional, autumn lamb)] Done! Elapsed time: 0 sec
[18:36:10][AnimalHerd (sheep, none, conventional, spring lamb)] Calculating herd structure ... 0.1s
[18:36:10][AnimalHerd (sheep, none, conventional, spring lamb)] Calculating feed energy or DM requirements ... 0.0s
[18:36:10][AnimalHerd (sheep, none, conventional, spring lamb)] Calculating production ... 0.0s
[18:36:10][AnimalHerd (sheep, none, conventional, spring lamb)] Done! Elapsed time: 0 sec
[18:36:10][AnimalHerd (sheep, none, conventional, winter lamb)] Calculating herd structure ... 0.1s
[18:36:10][AnimalHerd (sheep, none, conventional, winter lamb)] Calculating feed energy or DM requirements ... 0.0s
[18:36:10][AnimalHerd (sheep, none, conventional, winter lamb)] Calculating production ... 0.0s
[18:36:10][AnimalHerd (sheep, none, conventional, winter lamb)] Done! Elapsed time: 0 sec
[18:36:10][AnimalHerd (sheep, none, conventional, other sheep)] Calculating herd structure ... 0.0s
[18:36:10][AnimalHerd (sheep, none, conventional, other sheep)] Calculating feed energy or DM requirements ... 0.0s
[18:36:11][AnimalHerd (sheep, none, conventional, other sheep)] Calculating production ... 0.0s
[18:36:11][AnimalHerd (sheep, none, conventional, other sheep)] Done! Elapsed time: 0 sec
[18:36:11][AnimalHerd (sheep, none, organic, autumn lamb)] Calculating herd structure ... 0.1s
[18:36:11][AnimalHerd (sheep, none, organic, autumn lamb)] Calculating feed energy or DM requirements ... 0.0s
[18:36:11][AnimalHerd (sheep, none, organic, autumn lamb)] Calculating production ... 0.0s
[18:36:11][AnimalHerd (sheep, none, organic, autumn lamb)] Done! Elapsed time: 0 sec
[18:36:11][AnimalHerd (sheep, none, organic, spring lamb)] Calculating herd structure ... 0.0s
[18:36:11][AnimalHerd (sheep, none, organic, spring lamb)] Calculating feed energy or DM requirements ... 0.0s
[18:36:11][AnimalHerd (sheep, none, organic, spring lamb)] Calculating production ... 0.0s
[18:36:11][AnimalHerd (sheep, none, organic, spring lamb)] Done! Elapsed time: 0 sec
[18:36:11][AnimalHerd (sheep, none, organic, winter lamb)] Calculating herd structure ... 0.0s
[18:36:11][AnimalHerd (sheep, none, organic, winter lamb)] Calculating feed energy or DM requirements ... 0.0s
[18:36:11][AnimalHerd (sheep, none, organic, winter lamb)] Calculating production ... 0.0s
[18:36:11][AnimalHerd (sheep, none, organic, winter lamb)] Done! Elapsed time: 0 sec
[18:36:11][AnimalHerd (sheep, none, organic, other sheep)] Calculating herd structure ... 0.0s
[18:36:11][AnimalHerd (sheep, none, organic, other sheep)] Calculating feed energy or DM requirements ... 0.0s
[18:36:11][AnimalHerd (sheep, none, organic, other sheep)] Calculating production ... 0.0s
[18:36:11][AnimalHerd (sheep, none, organic, other sheep)] Done! Elapsed time: 0 sec
[18:36:11][FeedMgmt] Calculating feed consumption ... C:\Users/jnka0003/Git repos/CIBUSmod\CIBUSmod\mgmt_modules\feed_mgmt.py:105: UserWarning: 

All feed ration shares did not add up to 100% for species: cattle, breed: dairy. Feed rations were corrected.

  warnings.warn(f'\n\nAll feed ration shares did not add up to 100% for species: {herd.species}, breed: {herd.breed}. Feed rations were corrected.\n')
1.7s
[18:36:13][FeedMgmt] Calculating feed losses ... 1.6s
[18:36:14][FeedMgmt] Calculating demand for crop products ... 2.6s
[18:36:17][FeedMgmt] Calculating demand for by-products ... 1.0s
[18:36:18][FeedMgmt] Calculating demand for crop residues ... 0.2s
[18:36:18][FeedMgmt] Done! Elapsed time: 7 sec
[18:36:18][GeoDistributor.make] Getting x0 and making indexes ... 0.0s
[18:36:18][GeoDistributor.make] Creating demand vector ... 0.2s
[18:36:18][GeoDistributor.make] Calculating scaling factors ... 0.2s
[18:36:18][GeoDistributor.make] Making objective O1 ... 0.2s
[18:36:19][GeoDistributor.make] Making constraint C1 ... 4.9s
[18:36:23][GeoDistributor.make] Making constraint C2 ... 0.6s
[18:36:24][GeoDistributor.make] Making constraint C3 ... 0.3s
[18:36:24][GeoDistributor.make] Making constraint C4 ... 0.3s
[18:36:25][GeoDistributor.make] Making constraint C5 ... 0.1s
[18:36:25][GeoDistributor.make] Making constraint C6 ... 0.5s
[18:36:25][GeoDistributor.make] Making constraint C8 ... 0.0s
[18:36:25][GeoDistributor.make] Making constraint C7 ... 0.5s
[18:36:26][GeoDistributor.make] Done! Elapsed time: 8 sec
[18:36:26][GeoDistributor.solve] Finding solution with 'GUROBI' ... Set parameter Username
Academic license - for non-commercial use only - expires 2025-08-28
Optimal solution found! Status: 'optimal', Itterations: 2195.0, Solver: 'GUROBI' 0.6s
[18:36:26][GeoDistributor.solve] Retrieving solution ... 0.0s
[18:36:26][GeoDistributor.solve] Done! Elapsed time: 1 sec
[18:36:27][GeoDistributor.solve] Finding solution with 'GUROBI' ... Optimal solution found! Status: 'optimal', Itterations: 35.0, Solver: 'GUROBI' 0.8s
[18:36:28][GeoDistributor.solve] Retrieving solution ... 0.0s
[18:36:28][GeoDistributor.solve] Applying solution ... 1.0s
[18:36:29][GeoDistributor.solve] Done! Elapsed time: 2 sec
[18:36:29][FeedMgmt] Adjusting feed rations (not implemented) ... 0.0s
[18:36:29][FeedMgmt] Calculating feed ration characteristics ... 3.5s
[18:36:32][FeedMgmt] Calculating enteric methane emissions ... 0.5s
[18:36:33][FeedMgmt] Done! Elapsed time: 4 sec
[18:36:33][ManureMgmt] Calculating MMS shares ... 1.8s
[18:36:34][ManureMgmt] Calculating bedding material use ... 2.1s
[18:36:37][ManureMgmt] Calculating VS excretion ... 0.4s
[18:36:37][ManureMgmt] Calculating VS losses ... 2.8s
[18:36:40][ManureMgmt] Calculating manure excretion ... 2.1s
[18:36:42][ManureMgmt] Calculating manure losses ... 9.4s
[18:36:51][ManureMgmt] Done! Elapsed time: 19 sec
[18:36:51][CropResidueMgmt] Calculating harvestable crop residues ... 0.0s
[18:36:51][CropResidueMgmt] Allocating harvestable crop residues to uses ... 0.1s
[18:36:51][CropResidueMgmt] Done! Elapsed time: 0 sec
[18:36:51][WasteAndCircularity] Collecting feedstocks and calculating composition ... 0.8s
[18:36:52][WasteAndCircularity] Creating data attribute tables ... 0.3s
[18:36:53][WasteAndCircularity] Calculating anaerobic digestion ... 1.9s
[18:36:54][WasteAndCircularity] Calculating composting ... NOT IMPLEMENTED! 0.0s
[18:36:54][WasteAndCircularity] Calculating incineration ... NOT IMPLEMENTED! 0.0s
[18:36:54][WasteAndCircularity] Calculating landfill ... NOT IMPLEMENTED! 0.0s
[18:36:54][WasteAndCircularity] Done! Elapsed time: 3 sec
[18:36:54][PlantNutrientMgmt] Calculating crop NPK requirements ... 0.5s
[18:36:55][PlantNutrientMgmt] Distributing manure ... 5.7s
[18:37:01][PlantNutrientMgmt] Distributing non-manure organic fertilisers ... 0.2s
[18:37:01][PlantNutrientMgmt] Calculating mineral NPK application ... 0.3s
[18:37:01][PlantNutrientMgmt] Calculating N in crop residues ... 0.0s
[18:37:01][PlantNutrientMgmt] Calculating N application losses ... 0.1s
[18:37:01][PlantNutrientMgmt] Calculating N soil losses ... 0.2s
[18:37:01][PlantNutrientMgmt] Calculating N leaching ... 0.1s
[18:37:01][PlantNutrientMgmt] Done! Elapsed time: 7 sec
[18:37:02][MachineryAndEnergyMgmt] Calculating energy use in field machinery ... 1.1s
[18:37:03][MachineryAndEnergyMgmt] Calculating energy use for grain drying ... 0.3s
[18:37:03][MachineryAndEnergyMgmt] Calculating energy use in greenhouses ... 0.5s
[18:37:03][MachineryAndEnergyMgmt] Calculating energy use in stables ... 5.6s
[18:37:09][MachineryAndEnergyMgmt] Calculating fuel use emissions ... 0.6s
[18:37:10][MachineryAndEnergyMgmt] Done! Elapsed time: 8 sec
[18:37:10][InputsMgmt] Calculating supply chain emissions for food processing inputs (NOT IMPLEMENTED) ... 0.0s
[18:37:10][InputsMgmt] Calculating supply chain emissions for crop production inputs  ... 0.0s
[18:37:10][InputsMgmt] Calculating supply chain emissions for waste management and circularity inputs ... 0.1s
[18:37:10][InputsMgmt] Calculating supply chain emissions for animal herd inputs ... 0.2s
[18:37:10][InputsMgmt] Done! Elapsed time: 0 sec
Writing outputs to 'C:\Users\jnka0003\OneDrive - Sveriges lantbruksuniversitet\Dokument\#1 Projekt\MISTRA Food Futures WP5\CIBUSmod Food Systems Model\FORMAS\output\FORMAS.sqlite'
C:\Users/jnka0003/Git repos/CIBUSmod\CIBUSmod\utils\session_db.py:1541: UserWarning: NaNs in CropProduction.energy_use_supply_chain_emissions.
  warnings.warn(f'NaNs in {module.par.name}.{attr}.')
C:\Users/jnka0003/Git repos/CIBUSmod\CIBUSmod\utils\session_db.py:1541: UserWarning: NaNs in WasteAndCircularity.losses_VS.
  warnings.warn(f'NaNs in {module.par.name}.{attr}.')
C:\Users/jnka0003/Git repos/CIBUSmod\CIBUSmod\utils\session_db.py:1541: UserWarning: NaNs in WasteAndCircularity.losses_N.
  warnings.warn(f'NaNs in {module.par.name}.{attr}.')
C:\Users/jnka0003/Git repos/CIBUSmod\CIBUSmod\utils\session_db.py:1541: UserWarning: NaNs in WasteAndCircularity.losses_P.
  warnings.warn(f'NaNs in {module.par.name}.{attr}.')
C:\Users/jnka0003/Git repos/CIBUSmod\CIBUSmod\utils\session_db.py:1541: UserWarning: NaNs in WasteAndCircularity.losses_K.
  warnings.warn(f'NaNs in {module.par.name}.{attr}.')
C:\Users/jnka0003/Git repos/CIBUSmod\CIBUSmod\utils\session_db.py:1541: UserWarning: NaNs in WasteAndCircularity.organic_fertiliser_C.
  warnings.warn(f'NaNs in {module.par.name}.{attr}.')
C:\Users/jnka0003/Git repos/CIBUSmod\CIBUSmod\utils\session_db.py:1541: UserWarning: NaNs in WasteAndCircularity.organic_fertiliser_N.
  warnings.warn(f'NaNs in {module.par.name}.{attr}.')
C:\Users/jnka0003/Git repos/CIBUSmod\CIBUSmod\utils\session_db.py:1541: UserWarning: NaNs in WasteAndCircularity.organic_fertiliser_P.
  warnings.warn(f'NaNs in {module.par.name}.{attr}.')
C:\Users/jnka0003/Git repos/CIBUSmod\CIBUSmod\utils\session_db.py:1541: UserWarning: NaNs in WasteAndCircularity.organic_fertiliser_K.
  warnings.warn(f'NaNs in {module.par.name}.{attr}.')
C:\Users/jnka0003/Git repos/CIBUSmod\CIBUSmod\utils\session_db.py:1541: UserWarning: NaNs in WasteAndCircularity.organic_fertiliser_TAN.
  warnings.warn(f'NaNs in {module.par.name}.{attr}.')
C:\Users/jnka0003/Git repos/CIBUSmod\CIBUSmod\utils\session_db.py:1541: UserWarning: NaNs in WasteAndCircularity.energy_prod.
  warnings.warn(f'NaNs in {module.par.name}.{attr}.')
C:\Users/jnka0003/Git repos/CIBUSmod\CIBUSmod\utils\session_db.py:1541: UserWarning: NaNs in WasteAndCircularity.energy_use.
  warnings.warn(f'NaNs in {module.par.name}.{attr}.')
C:\Users/jnka0003/Git repos/CIBUSmod\CIBUSmod\utils\session_db.py:1541: UserWarning: NaNs in WasteAndCircularity.energy_use_emissions.
  warnings.warn(f'NaNs in {module.par.name}.{attr}.')
C:\Users/jnka0003/Git repos/CIBUSmod\CIBUSmod\utils\session_db.py:1541: UserWarning: NaNs in WasteAndCircularity.energy_use_supply_chain_emissions.
  warnings.warn(f'NaNs in {module.par.name}.{attr}.')
Outputs stored!
dairy feed, 0 finished successfully in 1min 46s
