Scenario: steers, 0

[18:21:26][Regions] Getting initial crop areas and animal numbers (x0) ... 0.1s
[18:21:26][Regions] Getting climate and soil attributes ... 0.0s
[18:21:26][Regions] Calculating maximum land use ... 0.0s
[18:21:26][Regions] Done! Elapsed time: 0 sec
[18:21:26][DemandAndConversions] Calculating food demand ... 0.1s
[18:21:26][DemandAndConversions] Resolving recipies for compound foods ... 0.0s
[18:21:26][DemandAndConversions] Calculating waste ... 0.0s
[18:21:26][DemandAndConversions] Calculating product demand and generated by-products... 0.3s
[18:21:27][DemandAndConversions] Done! Elapsed time: 0 sec
[18:21:27][CropProduction] Calculating harvest ... 0.1s
[18:21:27][CropProduction] Calculating production ... 0.6s
[18:21:27][CropProduction] Calculating crop residues ... 0.1s
[18:21:27][CropProduction] Calculating seed demand ... 0.2s
[18:21:28][CropProduction] Done! Elapsed time: 1 sec
[18:21:28][AnimalHerd (cattle, beef, conventional, ley based)] Calculating herd structure ... 0.4s
[18:21:28][AnimalHerd (cattle, beef, conventional, ley based)] Calculating feed energy or DM requirements ... 0.4s
[18:21:28][AnimalHerd (cattle, beef, conventional, ley based)] Calculating production ... 0.1s
[18:21:29][AnimalHerd (cattle, beef, conventional, ley based)] Done! Elapsed time: 1 sec
[18:21:29][AnimalHerd (cattle, beef, conventional, maize based)] Calculating herd structure ... 0.4s
[18:21:29][AnimalHerd (cattle, beef, conventional, maize based)] Calculating feed energy or DM requirements ... 0.4s
[18:21:29][AnimalHerd (cattle, beef, conventional, maize based)] Calculating production ... 0.1s
[18:21:29][AnimalHerd (cattle, beef, conventional, maize based)] Done! Elapsed time: 1 sec
[18:21:29][AnimalHerd (cattle, beef, organic, ley based)] Calculating herd structure ... 0.4s
[18:21:30][AnimalHerd (cattle, beef, organic, ley based)] Calculating feed energy or DM requirements ... 0.8s
[18:21:31][AnimalHerd (cattle, beef, organic, ley based)] Calculating production ... 0.2s
[18:21:31][AnimalHerd (cattle, beef, organic, ley based)] Done! Elapsed time: 1 sec
[18:21:31][AnimalHerd (cattle, dairy, conventional, ley based)] Calculating herd structure ... 0.4s
[18:21:31][AnimalHerd (cattle, dairy, conventional, ley based)] Calculating feed energy or DM requirements ... 0.4s
[18:21:31][AnimalHerd (cattle, dairy, conventional, ley based)] Calculating production ... 0.1s
[18:21:32][AnimalHerd (cattle, dairy, conventional, ley based)] Done! Elapsed time: 1 sec
[18:21:32][AnimalHerd (cattle, dairy, conventional, maize based)] Calculating herd structure ... 0.4s
[18:21:32][AnimalHerd (cattle, dairy, conventional, maize based)] Calculating feed energy or DM requirements ... 0.4s
[18:21:32][AnimalHerd (cattle, dairy, conventional, maize based)] Calculating production ... 0.1s
[18:21:32][AnimalHerd (cattle, dairy, conventional, maize based)] Done! Elapsed time: 1 sec
[18:21:32][AnimalHerd (cattle, dairy, organic, ley based)] Calculating herd structure ... 0.4s
[18:21:33][AnimalHerd (cattle, dairy, organic, ley based)] Calculating feed energy or DM requirements ... 0.9s
[18:21:34][AnimalHerd (cattle, dairy, organic, ley based)] Calculating production ... 0.2s
[18:21:34][AnimalHerd (cattle, dairy, organic, ley based)] Done! Elapsed time: 2 sec
[18:21:34][AnimalHerd (horses, cold blooded horses, conventional, none)] Calculating herd structure ... 0.0s
[18:21:34][AnimalHerd (horses, cold blooded horses, conventional, none)] Calculating feed energy or DM requirements ... 0.1s
[18:21:34][AnimalHerd (horses, cold blooded horses, conventional, none)] Calculating production ... 0.0s
[18:21:34][AnimalHerd (horses, cold blooded horses, conventional, none)] Done! Elapsed time: 0 sec
[18:21:34][AnimalHerd (horses, cold blooded horses, organic, none)] Calculating herd structure ... 0.0s
[18:21:34][AnimalHerd (horses, cold blooded horses, organic, none)] Calculating feed energy or DM requirements ... 0.1s
[18:21:34][AnimalHerd (horses, cold blooded horses, organic, none)] Calculating production ... 0.0s
[18:21:34][AnimalHerd (horses, cold blooded horses, organic, none)] Done! Elapsed time: 0 sec
[18:21:34][AnimalHerd (horses, ponies and Icelandic horses, conventional, none)] Calculating herd structure ... 0.0s
[18:21:34][AnimalHerd (horses, ponies and Icelandic horses, conventional, none)] Calculating feed energy or DM requirements ... 0.1s
[18:21:34][AnimalHerd (horses, ponies and Icelandic horses, conventional, none)] Calculating production ... 0.0s
[18:21:34][AnimalHerd (horses, ponies and Icelandic horses, conventional, none)] Done! Elapsed time: 0 sec
[18:21:34][AnimalHerd (horses, ponies and Icelandic horses, organic, none)] Calculating herd structure ... 0.0s
[18:21:34][AnimalHerd (horses, ponies and Icelandic horses, organic, none)] Calculating feed energy or DM requirements ... 0.1s
[18:21:35][AnimalHerd (horses, ponies and Icelandic horses, organic, none)] Calculating production ... 0.0s
[18:21:35][AnimalHerd (horses, ponies and Icelandic horses, organic, none)] Done! Elapsed time: 0 sec
[18:21:35][AnimalHerd (horses, riding horses, conventional, none)] Calculating herd structure ... 0.0s
[18:21:35][AnimalHerd (horses, riding horses, conventional, none)] Calculating feed energy or DM requirements ... 0.1s
[18:21:35][AnimalHerd (horses, riding horses, conventional, none)] Calculating production ... 0.0s
[18:21:35][AnimalHerd (horses, riding horses, conventional, none)] Done! Elapsed time: 0 sec
[18:21:35][AnimalHerd (horses, riding horses, organic, none)] Calculating herd structure ... 0.0s
[18:21:35][AnimalHerd (horses, riding horses, organic, none)] Calculating feed energy or DM requirements ... 0.1s
[18:21:35][AnimalHerd (horses, riding horses, organic, none)] Calculating production ... 0.0s
[18:21:35][AnimalHerd (horses, riding horses, organic, none)] Done! Elapsed time: 0 sec
[18:21:35][AnimalHerd (horses, trotters and racehorses, conventional, none)] Calculating herd structure ... 0.0s
[18:21:35][AnimalHerd (horses, trotters and racehorses, conventional, none)] Calculating feed energy or DM requirements ... 0.1s
[18:21:35][AnimalHerd (horses, trotters and racehorses, conventional, none)] Calculating production ... 0.0s
[18:21:35][AnimalHerd (horses, trotters and racehorses, conventional, none)] Done! Elapsed time: 0 sec
[18:21:35][AnimalHerd (horses, trotters and racehorses, organic, none)] Calculating herd structure ... 0.0s
[18:21:35][AnimalHerd (horses, trotters and racehorses, organic, none)] Calculating feed energy or DM requirements ... 0.1s
[18:21:35][AnimalHerd (horses, trotters and racehorses, organic, none)] Calculating production ... 0.0s
[18:21:35][AnimalHerd (horses, trotters and racehorses, organic, none)] Done! Elapsed time: 0 sec
[18:21:35][AnimalHerd (pigs, none, conventional, none)] Calculating herd structure ... 0.2s
[18:21:35][AnimalHerd (pigs, none, conventional, none)] Calculating feed energy or DM requirements ... 0.1s
[18:21:35][AnimalHerd (pigs, none, conventional, none)] Calculating production ... 0.0s
[18:21:35][AnimalHerd (pigs, none, conventional, none)] Done! Elapsed time: 0 sec
[18:21:35][AnimalHerd (pigs, none, organic, none)] Calculating herd structure ... 0.2s
[18:21:36][AnimalHerd (pigs, none, organic, none)] Calculating feed energy or DM requirements ... 0.1s
[18:21:36][AnimalHerd (pigs, none, organic, none)] Calculating production ... 0.0s
[18:21:36][AnimalHerd (pigs, none, organic, none)] Done! Elapsed time: 0 sec
[18:21:36][AnimalHerd (poultry, broiler, conventional, none)] Calculating herd structure ... 0.1s
[18:21:36][AnimalHerd (poultry, broiler, conventional, none)] Calculating feed energy or DM requirements ... 0.0s
[18:21:36][AnimalHerd (poultry, broiler, conventional, none)] Calculating production ... 0.0s
[18:21:36][AnimalHerd (poultry, broiler, conventional, none)] Done! Elapsed time: 0 sec
[18:21:36][AnimalHerd (poultry, broiler, organic, none)] Calculating herd structure ... 0.1s
[18:21:36][AnimalHerd (poultry, broiler, organic, none)] Calculating feed energy or DM requirements ... 0.0s
[18:21:36][AnimalHerd (poultry, broiler, organic, none)] Calculating production ... 0.0s
[18:21:36][AnimalHerd (poultry, broiler, organic, none)] Done! Elapsed time: 0 sec
[18:21:36][AnimalHerd (poultry, layer, conventional, none)] Calculating herd structure ... 0.1s
[18:21:36][AnimalHerd (poultry, layer, conventional, none)] Calculating feed energy or DM requirements ... 0.0s
[18:21:36][AnimalHerd (poultry, layer, conventional, none)] Calculating production ... 0.1s
[18:21:36][AnimalHerd (poultry, layer, conventional, none)] Done! Elapsed time: 0 sec
[18:21:36][AnimalHerd (poultry, layer, organic, none)] Calculating herd structure ... 0.1s
[18:21:36][AnimalHerd (poultry, layer, organic, none)] Calculating feed energy or DM requirements ... 0.0s
[18:21:37][AnimalHerd (poultry, layer, organic, none)] Calculating production ... 0.1s
[18:21:37][AnimalHerd (poultry, layer, organic, none)] Done! Elapsed time: 0 sec
[18:21:37][AnimalHerd (sheep, none, conventional, autumn lamb)] Calculating herd structure ... 0.1s
[18:21:37][AnimalHerd (sheep, none, conventional, autumn lamb)] Calculating feed energy or DM requirements ... 0.0s
[18:21:37][AnimalHerd (sheep, none, conventional, autumn lamb)] Calculating production ... 0.0s
[18:21:37][AnimalHerd (sheep, none, conventional, autumn lamb)] Done! Elapsed time: 0 sec
[18:21:37][AnimalHerd (sheep, none, conventional, spring lamb)] Calculating herd structure ... 0.1s
[18:21:37][AnimalHerd (sheep, none, conventional, spring lamb)] Calculating feed energy or DM requirements ... 0.0s
[18:21:37][AnimalHerd (sheep, none, conventional, spring lamb)] Calculating production ... 0.0s
[18:21:37][AnimalHerd (sheep, none, conventional, spring lamb)] Done! Elapsed time: 0 sec
[18:21:37][AnimalHerd (sheep, none, conventional, winter lamb)] Calculating herd structure ... 0.0s
[18:21:37][AnimalHerd (sheep, none, conventional, winter lamb)] Calculating feed energy or DM requirements ... 0.0s
[18:21:37][AnimalHerd (sheep, none, conventional, winter lamb)] Calculating production ... 0.0s
[18:21:37][AnimalHerd (sheep, none, conventional, winter lamb)] Done! Elapsed time: 0 sec
[18:21:37][AnimalHerd (sheep, none, conventional, other sheep)] Calculating herd structure ... 0.1s
[18:21:37][AnimalHerd (sheep, none, conventional, other sheep)] Calculating feed energy or DM requirements ... 0.0s
[18:21:37][AnimalHerd (sheep, none, conventional, other sheep)] Calculating production ... 0.0s
[18:21:37][AnimalHerd (sheep, none, conventional, other sheep)] Done! Elapsed time: 0 sec
[18:21:37][AnimalHerd (sheep, none, organic, autumn lamb)] Calculating herd structure ... 0.1s
[18:21:37][AnimalHerd (sheep, none, organic, autumn lamb)] Calculating feed energy or DM requirements ... 0.0s
[18:21:37][AnimalHerd (sheep, none, organic, autumn lamb)] Calculating production ... 0.0s
[18:21:37][AnimalHerd (sheep, none, organic, autumn lamb)] Done! Elapsed time: 0 sec
[18:21:37][AnimalHerd (sheep, none, organic, spring lamb)] Calculating herd structure ... 0.1s
[18:21:37][AnimalHerd (sheep, none, organic, spring lamb)] Calculating feed energy or DM requirements ... 0.0s
[18:21:37][AnimalHerd (sheep, none, organic, spring lamb)] Calculating production ... 0.0s
[18:21:37][AnimalHerd (sheep, none, organic, spring lamb)] Done! Elapsed time: 0 sec
[18:21:37][AnimalHerd (sheep, none, organic, winter lamb)] Calculating herd structure ... 0.1s
[18:21:37][AnimalHerd (sheep, none, organic, winter lamb)] Calculating feed energy or DM requirements ... 0.0s
[18:21:37][AnimalHerd (sheep, none, organic, winter lamb)] Calculating production ... 0.0s
[18:21:37][AnimalHerd (sheep, none, organic, winter lamb)] Done! Elapsed time: 0 sec
[18:21:37][AnimalHerd (sheep, none, organic, other sheep)] Calculating herd structure ... 0.0s
[18:21:37][AnimalHerd (sheep, none, organic, other sheep)] Calculating feed energy or DM requirements ... 0.0s
[18:21:37][AnimalHerd (sheep, none, organic, other sheep)] Calculating production ... 0.0s
[18:21:37][AnimalHerd (sheep, none, organic, other sheep)] Done! Elapsed time: 0 sec
[18:21:37][FeedMgmt] Calculating feed consumption ... 2.3s
[18:21:40][FeedMgmt] Calculating feed losses ... 2.2s
[18:21:42][FeedMgmt] Calculating demand for crop products ... 3.7s
[18:21:46][FeedMgmt] Calculating demand for by-products ... 1.4s
[18:21:47][FeedMgmt] Calculating demand for crop residues ... 0.3s
[18:21:47][FeedMgmt] Done! Elapsed time: 10 sec
[18:21:48][GeoDistributor.make] Getting x0 and making indexes ... 0.0s
[18:21:48][GeoDistributor.make] Creating demand vector ... 0.2s
[18:21:48][GeoDistributor.make] Calculating scaling factors ... 0.1s
[18:21:48][GeoDistributor.make] Making objective O1 ... 0.2s
[18:21:48][GeoDistributor.make] Making constraint C1 ... 8.2s
[18:21:56][GeoDistributor.make] Making constraint C2 ... 0.5s
[18:21:57][GeoDistributor.make] Making constraint C3 ... 0.3s
[18:21:57][GeoDistributor.make] Making constraint C4 ... 0.3s
[18:21:57][GeoDistributor.make] Making constraint C5 ... 0.1s
[18:21:57][GeoDistributor.make] Making constraint C6 ... 0.6s
[18:21:58][GeoDistributor.make] Making constraint C8 ... 0.1s
[18:21:58][GeoDistributor.make] Making constraint C7 ... 0.6s
[18:21:59][GeoDistributor.make] Done! Elapsed time: 11 sec
[18:21:59][GeoDistributor.solve] Finding solution with 'GUROBI' ... Set parameter Username
Academic license - for non-commercial use only - expires 2025-08-28
C:\Users\jnka0003\Git repos\CIBUSmod\.venv\Lib\site-packages\cvxpy\problems\problem.py:1413: UserWarning: 
    The problem is either infeasible or unbounded, but the solver
    cannot tell which. Disable any solver-specific presolve methods
    and re-solve to determine the precise problem status.

    For GUROBI and CPLEX you can automatically perform this re-solve
    with the keyword argument prob.solve(reoptimize=True, ...).
    
  warnings.warn(INF_OR_UNB_MESSAGE)
No solution found! Status: 'infeasible_or_unbounded', Itterations: 1548.0 